<?xml version="1.0" encoding="UTF-8"?>
<testsuite xmlns:xsi="http://www.w3.org/2001/XMLSchema-instance" xsi:noNamespaceSchemaLocation="https://maven.apache.org/surefire/maven-surefire-plugin/xsd/surefire-test-report.xsd" name="pl.put.poznan.sqc.ComponentInteractionTest" time="3.034" tests="10" errors="0" skipped="0" failures="0">
  <properties>
[...]
</properties>
  <testcase name="testGetXml_CallsService" classname="pl.put.poznan.sqc.ComponentInteractionTest" time="2.938"/>
  <testcase name="testStepPropagatesVisitorToSubSteps" classname="pl.put.poznan.sqc.ComponentInteractionTest" time="0.008"/>
  <testcase name="testCalculateKeywords_IntegrationStructure" classname="pl.put.poznan.sqc.ComponentInteractionTest" time="0.021"/>
  <testcase name="testVerifyScenario_ReturnsErrorsJson" classname="pl.put.poznan.sqc.ComponentInteractionTest" time="0.021"/>
  <testcase name="testScenarioAcceptsVisitorAndPropagatesToSteps" classname="pl.put.poznan.sqc.ComponentInteractionTest" time="0.001"/>
  <testcase name="testVerifyScenario_ReturnsNoErrorsJson" classname="pl.put.poznan.sqc.ComponentInteractionTest" time="0.001"/>
  <testcase name="testGetXml_HandlesServiceError" classname="pl.put.poznan.sqc.ComponentInteractionTest" time="0.002"/>
  <testcase name="testStepAcceptsVisitor" classname="pl.put.poznan.sqc.ComponentInteractionTest" time="0.002"/>
  <testcase name="testCalculateSteps_IntegrationStructure" classname="pl.put.poznan.sqc.ComponentInteractionTest" time="0.019"/>
  <testcase name="testScenarioAcceptsVisitor" classname="pl.put.poznan.sqc.ComponentInteractionTest" time="0.001"/>
</testsuite>