<?xml version="1.0" encoding="UTF-8"?>
<testsuite xmlns:xsi="http://www.w3.org/2001/XMLSchema-instance" xsi:noNamespaceSchemaLocation="https://maven.apache.org/surefire/maven-surefire-plugin/xsd/surefire-test-report.xsd" name="pl.put.poznan.sqc.VisitorLogicTest" time="0.057" tests="20" errors="0" skipped="0" failures="0">
  <properties>
[...]
</properties>
  <testcase name="testStepCounter_NullSubStepsSafe" classname="pl.put.poznan.sqc.VisitorLogicTest" time="0"/>
  <testcase name="testKeywordCounter_AllKeywords" classname="pl.put.poznan.sqc.VisitorLogicTest" time="0"/>
  <testcase name="testActorCheck_EmptyStep" classname="pl.put.poznan.sqc.VisitorLogicTest" time="0.02"/>
  <testcase name="testStepCounter_DeeplyNested" classname="pl.put.poznan.sqc.VisitorLogicTest" time="0"/>
  <testcase name="testLevelFilter_Level1" classname="pl.put.poznan.sqc.VisitorLogicTest" time="0.016"/>
  <testcase name="testLevelFilter_Level2" classname="pl.put.poznan.sqc.VisitorLogicTest" time="0.001"/>
  <testcase name="testActorCheck_InvalidActor" classname="pl.put.poznan.sqc.VisitorLogicTest" time="0.004"/>
  <testcase name="testStepCounter_EmptySteps" classname="pl.put.poznan.sqc.VisitorLogicTest" time="0"/>
  <testcase name="testLevelFilter_PreservesMetadata" classname="pl.put.poznan.sqc.VisitorLogicTest" time="0.003"/>
  <testcase name="testStepCounter_FlatSteps" classname="pl.put.poznan.sqc.VisitorLogicTest" time="0"/>
  <testcase name="testActorCheck_AllValid" classname="pl.put.poznan.sqc.VisitorLogicTest" time="0"/>
  <testcase name="testKeywordCounter_NoKeywords" classname="pl.put.poznan.sqc.VisitorLogicTest" time="0.001"/>
  <testcase name="testKeywordCounter_MixedContent" classname="pl.put.poznan.sqc.VisitorLogicTest" time="0.001"/>
  <testcase name="testKeywordCounter_CaseSensitivity" classname="pl.put.poznan.sqc.VisitorLogicTest" time="0.001"/>
  <testcase name="testStepCounter_NestedSteps" classname="pl.put.poznan.sqc.VisitorLogicTest" time="0"/>
  <testcase name="testKeywordCounter_InsideNested" classname="pl.put.poznan.sqc.VisitorLogicTest" time="0"/>
  <testcase name="testActorCheck_WithColon" classname="pl.put.poznan.sqc.VisitorLogicTest" time="0"/>
  <testcase name="testLevelFilter_DeepStructureFullCopy" classname="pl.put.poznan.sqc.VisitorLogicTest" time="0.001"/>
  <testcase name="testLevelFilter_ZeroLevel" classname="pl.put.poznan.sqc.VisitorLogicTest" time="0"/>
  <testcase name="testActorCheck_WithKeywords" classname="pl.put.poznan.sqc.VisitorLogicTest" time="0"/>
</testsuite>